2024-04-15 22:27:59.988 [main] INFO  com.project.ihealth.IHealthApplicaiton.logStarting:50 - Starting IHealthApplicaiton on Lisa-acer with PID 5916 (E:\myProject\i-health\target\classes started by 龙文暇 in E:\myProject\i-health)
2024-04-15 22:27:59.990 [main] INFO  com.project.ihealth.IHealthApplicaiton.logStartupProfileInfo:659 - No active profile set, falling back to default profiles: default
2024-04-15 22:28:00.027 [main] INFO  o.s.b.w.s.c.AnnotationConfigServletWebServerApplicationContext.prepareRefresh:590 - Refreshing org.springframework.boot.web.servlet.context.AnnotationConfigServletWebServerApplicationContext@12468a38: startup date [Mon Apr 15 22:28:00 CST 2024]; root of context hierarchy
2024-04-15 22:28:00.765 [main] INFO  o.s.boot.web.embedded.tomcat.TomcatWebServer.initialize:91 - Tomcat initialized with port(s): 8080 (http)
2024-04-15 22:28:00.776 [main] INFO  org.apache.coyote.http11.Http11NioProtocol.log:180 - Initializing ProtocolHandler ["http-nio-8080"]
2024-04-15 22:28:00.783 [main] INFO  org.apache.catalina.core.StandardService.log:180 - Starting service [Tomcat]
2024-04-15 22:28:00.784 [main] INFO  org.apache.catalina.core.StandardEngine.log:180 - Starting Servlet Engine: Apache Tomcat/8.5.29
2024-04-15 22:28:00.788 [localhost-startStop-1] INFO  org.apache.catalina.core.AprLifecycleListener.log:180 - The APR based Apache Tomcat Native library which allows optimal performance in production environments was not found on the java.library.path: [E:\idea&support\jdk-8u\bin;C:\WINDOWS\Sun\Java\bin;C:\WINDOWS\system32;C:\WINDOWS;C:\Program Files\MySQL\MySQL Server 8.0\bin;E:\idea&support\jdk-8u\bin;C:\Program Files (x86)\Common Files\Oracle\Java\javapath;D:\app\QQPCMgr\python;C:\WINDOWS;C:\WINDOWS\System32\Wbem;C:\WINDOWS\System32\WindowsPowerShell\v1.0\;C:\WINDOWS\System32\OpenSSH\;C:\WINDOWS\system32;E:\BaiduNetdiskDownload\Microsoft VS Code\bin;E:\idea&support\mysql\mysql-8.0.22-winx64\bin;C:\Program Files\Git\cmd;E:\xshell\;E:\Xftp\;D:\QLDownload\Scripts\;D:\QLDownload\;D:\app\anaconda3;D:\app\anaconda3\Library\mingw-w64\bin;D:\app\anaconda3\Library\usr\bin;D:\app\anaconda3\Library\bin;D:\app\anaconda3\Scripts;D:\app\QQPCMgr\python\Scripts\;D:\app\QQPCMgr\python\;C:\Users\龙文暇\AppData\Local\Microsoft\WindowsApps;;d:\py\Pycharm2021.2.4\bin;;.]
2024-04-15 22:28:00.861 [localhost-startStop-1] INFO  o.a.c.core.ContainerBase.[Tomcat].[localhost].[/ihealth].log:180 - Initializing Spring embedded WebApplicationContext
2024-04-15 22:28:00.861 [localhost-startStop-1] INFO  org.springframework.web.context.ContextLoader.prepareWebApplicationContext:285 - Root WebApplicationContext: initialization completed in 834 ms
2024-04-15 22:28:00.933 [localhost-startStop-1] INFO  o.s.boot.web.servlet.ServletRegistrationBean.addRegistration:185 - Servlet dispatcherServlet mapped to [/]
2024-04-15 22:28:00.936 [localhost-startStop-1] INFO  o.s.boot.web.servlet.FilterRegistrationBean.configure:244 - Mapping filter: 'characterEncodingFilter' to: [/*]
2024-04-15 22:28:00.936 [localhost-startStop-1] INFO  o.s.boot.web.servlet.FilterRegistrationBean.configure:244 - Mapping filter: 'hiddenHttpMethodFilter' to: [/*]
2024-04-15 22:28:00.936 [localhost-startStop-1] INFO  o.s.boot.web.servlet.FilterRegistrationBean.configure:244 - Mapping filter: 'httpPutFormContentFilter' to: [/*]
2024-04-15 22:28:00.936 [localhost-startStop-1] INFO  o.s.boot.web.servlet.FilterRegistrationBean.configure:244 - Mapping filter: 'requestContextFilter' to: [/*]
2024-04-15 22:28:01.022 [main] INFO  c.a.d.s.boot.autoconfigure.DruidDataSourceAutoConfigure.dataSource:56 - Init DruidDataSource
2024-04-15 22:28:01.093 [main] INFO  com.alibaba.druid.pool.DruidDataSource.init:1003 - {dataSource-1} inited
2024-04-15 22:28:01.269 [main] INFO  o.s.web.servlet.handler.SimpleUrlHandlerMapping.registerHandler:373 - Mapped URL path [/**/favicon.ico] onto handler of type [class org.springframework.web.servlet.resource.ResourceHttpRequestHandler]
2024-04-15 22:28:01.435 [main] INFO  o.s.w.s.m.method.annotation.RequestMappingHandlerAdapter.initControllerAdviceCache:574 - Looking for @ControllerAdvice: org.springframework.boot.web.servlet.context.AnnotationConfigServletWebServerApplicationContext@12468a38: startup date [Mon Apr 15 22:28:00 CST 2024]; root of context hierarchy
2024-04-15 22:28:01.474 [main] INFO  o.s.w.s.m.method.annotation.RequestMappingHandlerMapping.register:547 - Mapped "{[/collection/save],methods=[POST]}" onto public com.project.ihealth.po.RestResponse<java.lang.Void> com.project.ihealth.controller.CollectionController.saveCollection(com.project.ihealth.dao.po.CollectionEntry)
2024-04-15 22:28:01.476 [main] INFO  o.s.w.s.m.method.annotation.RequestMappingHandlerMapping.register:547 - Mapped "{[/user/register],methods=[POST]}" onto public com.project.ihealth.po.RestResponse com.project.ihealth.controller.UserController.register(com.project.ihealth.dao.po.UserInfo)
2024-04-15 22:28:01.476 [main] INFO  o.s.w.s.m.method.annotation.RequestMappingHandlerMapping.register:547 - Mapped "{[/user/login],methods=[POST]}" onto public com.project.ihealth.po.RestResponse com.project.ihealth.controller.UserController.login(com.project.ihealth.dao.po.UserInfo)
2024-04-15 22:28:01.479 [main] INFO  o.s.w.s.m.method.annotation.RequestMappingHandlerMapping.register:547 - Mapped "{[/error]}" onto public org.springframework.http.ResponseEntity<java.util.Map<java.lang.String, java.lang.Object>> org.springframework.boot.autoconfigure.web.servlet.error.BasicErrorController.error(javax.servlet.http.HttpServletRequest)
2024-04-15 22:28:01.479 [main] INFO  o.s.w.s.m.method.annotation.RequestMappingHandlerMapping.register:547 - Mapped "{[/error],produces=[text/html]}" onto public org.springframework.web.servlet.ModelAndView org.springframework.boot.autoconfigure.web.servlet.error.BasicErrorController.errorHtml(javax.servlet.http.HttpServletRequest,javax.servlet.http.HttpServletResponse)
2024-04-15 22:28:01.492 [main] INFO  o.s.web.servlet.handler.SimpleUrlHandlerMapping.registerHandler:373 - Mapped URL path [/webjars/**] onto handler of type [class org.springframework.web.servlet.resource.ResourceHttpRequestHandler]
2024-04-15 22:28:01.493 [main] INFO  o.s.web.servlet.handler.SimpleUrlHandlerMapping.registerHandler:373 - Mapped URL path [/**] onto handler of type [class org.springframework.web.servlet.resource.ResourceHttpRequestHandler]
2024-04-15 22:28:01.513 [main] INFO  o.s.b.a.web.servlet.WelcomePageHandlerMapping.<init>:56 - Adding welcome page: class path resource [views/index.html]
2024-04-15 22:28:01.635 [main] INFO  o.s.jmx.export.annotation.AnnotationMBeanExporter.afterSingletonsInstantiated:433 - Registering beans for JMX exposure on startup
2024-04-15 22:28:01.637 [main] INFO  o.s.jmx.export.annotation.AnnotationMBeanExporter.autodetect:895 - Bean with name 'dataSource' has been autodetected for JMX exposure
2024-04-15 22:28:01.639 [main] INFO  o.s.jmx.export.annotation.AnnotationMBeanExporter.registerBeanInstance:668 - Located MBean 'dataSource': registering with JMX server as MBean [com.alibaba.druid.spring.boot.autoconfigure:name=dataSource,type=DruidDataSourceWrapper]
2024-04-15 22:28:01.649 [main] INFO  org.apache.coyote.http11.Http11NioProtocol.log:180 - Starting ProtocolHandler ["http-nio-8080"]
2024-04-15 22:28:01.655 [main] INFO  org.apache.tomcat.util.net.NioSelectorPool.log:180 - Using a shared selector for servlet write/read
2024-04-15 22:28:01.664 [main] INFO  o.a.c.core.ContainerBase.[Tomcat].[localhost].[/ihealth].log:180 - Initializing Spring FrameworkServlet 'dispatcherServlet'
2024-04-15 22:28:01.664 [main] INFO  org.springframework.web.servlet.DispatcherServlet.initServletBean:494 - FrameworkServlet 'dispatcherServlet': initialization started
2024-04-15 22:28:01.674 [main] INFO  org.springframework.web.servlet.DispatcherServlet.initServletBean:509 - FrameworkServlet 'dispatcherServlet': initialization completed in 10 ms
2024-04-15 22:28:01.676 [main] INFO  o.s.boot.web.embedded.tomcat.TomcatWebServer.start:206 - Tomcat started on port(s): 8080 (http) with context path '/ihealth'
2024-04-15 22:28:01.678 [main] INFO  com.project.ihealth.IHealthApplicaiton.logStarted:59 - Started IHealthApplicaiton in 1.954 seconds (JVM running for 3.035)
2024-04-15 22:31:31.685 [main] INFO  com.project.ihealth.IHealthApplicaiton.logStarting:50 - Starting IHealthApplicaiton on Lisa-acer with PID 21772 (E:\myProject\i-health\target\classes started by 龙文暇 in E:\myProject\i-health)
2024-04-15 22:31:31.688 [main] INFO  com.project.ihealth.IHealthApplicaiton.logStartupProfileInfo:659 - No active profile set, falling back to default profiles: default
2024-04-15 22:31:31.728 [main] INFO  o.s.b.w.s.c.AnnotationConfigServletWebServerApplicationContext.prepareRefresh:590 - Refreshing org.springframework.boot.web.servlet.context.AnnotationConfigServletWebServerApplicationContext@7b9a4292: startup date [Mon Apr 15 22:31:31 CST 2024]; root of context hierarchy
2024-04-15 22:31:32.355 [main] INFO  o.s.boot.web.embedded.tomcat.TomcatWebServer.initialize:91 - Tomcat initialized with port(s): 8080 (http)
2024-04-15 22:31:32.363 [main] INFO  org.apache.coyote.http11.Http11NioProtocol.log:180 - Initializing ProtocolHandler ["http-nio-8080"]
2024-04-15 22:31:32.368 [main] INFO  org.apache.catalina.core.StandardService.log:180 - Starting service [Tomcat]
2024-04-15 22:31:32.368 [main] INFO  org.apache.catalina.core.StandardEngine.log:180 - Starting Servlet Engine: Apache Tomcat/8.5.29
2024-04-15 22:31:32.371 [localhost-startStop-1] INFO  org.apache.catalina.core.AprLifecycleListener.log:180 - The APR based Apache Tomcat Native library which allows optimal performance in production environments was not found on the java.library.path: [E:\idea&support\jdk-8u\bin;C:\WINDOWS\Sun\Java\bin;C:\WINDOWS\system32;C:\WINDOWS;C:\Program Files\MySQL\MySQL Server 8.0\bin;E:\idea&support\jdk-8u\bin;C:\Program Files (x86)\Common Files\Oracle\Java\javapath;D:\app\QQPCMgr\python;C:\WINDOWS;C:\WINDOWS\System32\Wbem;C:\WINDOWS\System32\WindowsPowerShell\v1.0\;C:\WINDOWS\System32\OpenSSH\;C:\WINDOWS\system32;E:\BaiduNetdiskDownload\Microsoft VS Code\bin;E:\idea&support\mysql\mysql-8.0.22-winx64\bin;C:\Program Files\Git\cmd;E:\xshell\;E:\Xftp\;D:\QLDownload\Scripts\;D:\QLDownload\;D:\app\anaconda3;D:\app\anaconda3\Library\mingw-w64\bin;D:\app\anaconda3\Library\usr\bin;D:\app\anaconda3\Library\bin;D:\app\anaconda3\Scripts;D:\app\QQPCMgr\python\Scripts\;D:\app\QQPCMgr\python\;C:\Users\龙文暇\AppData\Local\Microsoft\WindowsApps;;d:\py\Pycharm2021.2.4\bin;;.]
2024-04-15 22:31:32.418 [localhost-startStop-1] INFO  o.a.c.core.ContainerBase.[Tomcat].[localhost].[/ihealth].log:180 - Initializing Spring embedded WebApplicationContext
2024-04-15 22:31:32.419 [localhost-startStop-1] INFO  org.springframework.web.context.ContextLoader.prepareWebApplicationContext:285 - Root WebApplicationContext: initialization completed in 691 ms
2024-04-15 22:31:32.484 [localhost-startStop-1] INFO  o.s.boot.web.servlet.ServletRegistrationBean.addRegistration:185 - Servlet dispatcherServlet mapped to [/]
2024-04-15 22:31:32.486 [localhost-startStop-1] INFO  o.s.boot.web.servlet.FilterRegistrationBean.configure:244 - Mapping filter: 'characterEncodingFilter' to: [/*]
2024-04-15 22:31:32.487 [localhost-startStop-1] INFO  o.s.boot.web.servlet.FilterRegistrationBean.configure:244 - Mapping filter: 'hiddenHttpMethodFilter' to: [/*]
2024-04-15 22:31:32.487 [localhost-startStop-1] INFO  o.s.boot.web.servlet.FilterRegistrationBean.configure:244 - Mapping filter: 'httpPutFormContentFilter' to: [/*]
2024-04-15 22:31:32.487 [localhost-startStop-1] INFO  o.s.boot.web.servlet.FilterRegistrationBean.configure:244 - Mapping filter: 'requestContextFilter' to: [/*]
2024-04-15 22:31:32.553 [main] INFO  c.a.d.s.boot.autoconfigure.DruidDataSourceAutoConfigure.dataSource:56 - Init DruidDataSource
2024-04-15 22:31:32.609 [main] INFO  com.alibaba.druid.pool.DruidDataSource.init:1003 - {dataSource-1} inited
2024-04-15 22:31:32.761 [main] INFO  o.s.web.servlet.handler.SimpleUrlHandlerMapping.registerHandler:373 - Mapped URL path [/**/favicon.ico] onto handler of type [class org.springframework.web.servlet.resource.ResourceHttpRequestHandler]
2024-04-15 22:31:32.912 [main] INFO  o.s.w.s.m.method.annotation.RequestMappingHandlerAdapter.initControllerAdviceCache:574 - Looking for @ControllerAdvice: org.springframework.boot.web.servlet.context.AnnotationConfigServletWebServerApplicationContext@7b9a4292: startup date [Mon Apr 15 22:31:31 CST 2024]; root of context hierarchy
2024-04-15 22:31:32.945 [main] INFO  o.s.w.s.m.method.annotation.RequestMappingHandlerMapping.register:547 - Mapped "{[/collection/save],methods=[POST]}" onto public com.project.ihealth.po.RestResponse<java.lang.Void> com.project.ihealth.controller.CollectionController.saveCollection(com.project.ihealth.dao.po.CollectionEntry)
2024-04-15 22:31:32.947 [main] INFO  o.s.w.s.m.method.annotation.RequestMappingHandlerMapping.register:547 - Mapped "{[/user/register],methods=[POST]}" onto public com.project.ihealth.po.RestResponse com.project.ihealth.controller.UserController.register(com.project.ihealth.dao.po.UserInfo)
2024-04-15 22:31:32.947 [main] INFO  o.s.w.s.m.method.annotation.RequestMappingHandlerMapping.register:547 - Mapped "{[/user/login],methods=[POST]}" onto public com.project.ihealth.po.RestResponse com.project.ihealth.controller.UserController.login(com.project.ihealth.dao.po.UserInfo)
2024-04-15 22:31:32.949 [main] INFO  o.s.w.s.m.method.annotation.RequestMappingHandlerMapping.register:547 - Mapped "{[/error]}" onto public org.springframework.http.ResponseEntity<java.util.Map<java.lang.String, java.lang.Object>> org.springframework.boot.autoconfigure.web.servlet.error.BasicErrorController.error(javax.servlet.http.HttpServletRequest)
2024-04-15 22:31:32.949 [main] INFO  o.s.w.s.m.method.annotation.RequestMappingHandlerMapping.register:547 - Mapped "{[/error],produces=[text/html]}" onto public org.springframework.web.servlet.ModelAndView org.springframework.boot.autoconfigure.web.servlet.error.BasicErrorController.errorHtml(javax.servlet.http.HttpServletRequest,javax.servlet.http.HttpServletResponse)
2024-04-15 22:31:32.960 [main] INFO  o.s.web.servlet.handler.SimpleUrlHandlerMapping.registerHandler:373 - Mapped URL path [/webjars/**] onto handler of type [class org.springframework.web.servlet.resource.ResourceHttpRequestHandler]
2024-04-15 22:31:32.961 [main] INFO  o.s.web.servlet.handler.SimpleUrlHandlerMapping.registerHandler:373 - Mapped URL path [/**] onto handler of type [class org.springframework.web.servlet.resource.ResourceHttpRequestHandler]
2024-04-15 22:31:32.982 [main] INFO  o.s.b.a.web.servlet.WelcomePageHandlerMapping.<init>:56 - Adding welcome page: class path resource [views/index.html]
2024-04-15 22:31:33.085 [main] INFO  o.s.jmx.export.annotation.AnnotationMBeanExporter.afterSingletonsInstantiated:433 - Registering beans for JMX exposure on startup
2024-04-15 22:31:33.086 [main] INFO  o.s.jmx.export.annotation.AnnotationMBeanExporter.autodetect:895 - Bean with name 'dataSource' has been autodetected for JMX exposure
2024-04-15 22:31:33.089 [main] INFO  o.s.jmx.export.annotation.AnnotationMBeanExporter.registerBeanInstance:668 - Located MBean 'dataSource': registering with JMX server as MBean [com.alibaba.druid.spring.boot.autoconfigure:name=dataSource,type=DruidDataSourceWrapper]
2024-04-15 22:31:33.097 [main] INFO  org.apache.coyote.http11.Http11NioProtocol.log:180 - Starting ProtocolHandler ["http-nio-8080"]
2024-04-15 22:31:33.102 [main] INFO  org.apache.tomcat.util.net.NioSelectorPool.log:180 - Using a shared selector for servlet write/read
2024-04-15 22:31:33.112 [main] INFO  o.a.c.core.ContainerBase.[Tomcat].[localhost].[/ihealth].log:180 - Initializing Spring FrameworkServlet 'dispatcherServlet'
2024-04-15 22:31:33.113 [main] INFO  org.springframework.web.servlet.DispatcherServlet.initServletBean:494 - FrameworkServlet 'dispatcherServlet': initialization started
2024-04-15 22:31:33.127 [main] INFO  org.springframework.web.servlet.DispatcherServlet.initServletBean:509 - FrameworkServlet 'dispatcherServlet': initialization completed in 14 ms
2024-04-15 22:31:33.130 [main] INFO  o.s.boot.web.embedded.tomcat.TomcatWebServer.start:206 - Tomcat started on port(s): 8080 (http) with context path '/ihealth'
2024-04-15 22:31:33.133 [main] INFO  com.project.ihealth.IHealthApplicaiton.logStarted:59 - Started IHealthApplicaiton in 1.622 seconds (JVM running for 2.444)
2024-04-15 22:53:26.004 [main] INFO  com.project.ihealth.IHealthApplicaiton.logStarting:50 - Starting IHealthApplicaiton on Lisa-acer with PID 25764 (E:\myProject\i-health\target\classes started by 龙文暇 in E:\myProject\i-health)
2024-04-15 22:53:26.009 [main] INFO  com.project.ihealth.IHealthApplicaiton.logStartupProfileInfo:659 - No active profile set, falling back to default profiles: default
2024-04-15 22:53:26.063 [main] INFO  o.s.b.w.s.c.AnnotationConfigServletWebServerApplicationContext.prepareRefresh:590 - Refreshing org.springframework.boot.web.servlet.context.AnnotationConfigServletWebServerApplicationContext@32eff876: startup date [Mon Apr 15 22:53:26 CST 2024]; root of context hierarchy
2024-04-15 22:53:26.853 [main] INFO  o.s.boot.web.embedded.tomcat.TomcatWebServer.initialize:91 - Tomcat initialized with port(s): 8080 (http)
2024-04-15 22:53:26.862 [main] INFO  org.apache.coyote.http11.Http11NioProtocol.log:180 - Initializing ProtocolHandler ["http-nio-8080"]
2024-04-15 22:53:26.868 [main] INFO  org.apache.catalina.core.StandardService.log:180 - Starting service [Tomcat]
2024-04-15 22:53:26.868 [main] INFO  org.apache.catalina.core.StandardEngine.log:180 - Starting Servlet Engine: Apache Tomcat/8.5.29
2024-04-15 22:53:26.871 [localhost-startStop-1] INFO  org.apache.catalina.core.AprLifecycleListener.log:180 - The APR based Apache Tomcat Native library which allows optimal performance in production environments was not found on the java.library.path: [E:\idea&support\jdk-8u\bin;C:\WINDOWS\Sun\Java\bin;C:\WINDOWS\system32;C:\WINDOWS;C:\Program Files\MySQL\MySQL Server 8.0\bin;E:\idea&support\jdk-8u\bin;C:\Program Files (x86)\Common Files\Oracle\Java\javapath;D:\app\QQPCMgr\python;C:\WINDOWS;C:\WINDOWS\System32\Wbem;C:\WINDOWS\System32\WindowsPowerShell\v1.0\;C:\WINDOWS\System32\OpenSSH\;C:\WINDOWS\system32;E:\BaiduNetdiskDownload\Microsoft VS Code\bin;E:\idea&support\mysql\mysql-8.0.22-winx64\bin;C:\Program Files\Git\cmd;E:\xshell\;E:\Xftp\;D:\QLDownload\Scripts\;D:\QLDownload\;D:\app\anaconda3;D:\app\anaconda3\Library\mingw-w64\bin;D:\app\anaconda3\Library\usr\bin;D:\app\anaconda3\Library\bin;D:\app\anaconda3\Scripts;D:\app\QQPCMgr\python\Scripts\;D:\app\QQPCMgr\python\;C:\Users\龙文暇\AppData\Local\Microsoft\WindowsApps;;d:\py\Pycharm2021.2.4\bin;;.]
2024-04-15 22:53:26.952 [localhost-startStop-1] INFO  o.a.c.core.ContainerBase.[Tomcat].[localhost].[/ihealth].log:180 - Initializing Spring embedded WebApplicationContext
2024-04-15 22:53:26.952 [localhost-startStop-1] INFO  org.springframework.web.context.ContextLoader.prepareWebApplicationContext:285 - Root WebApplicationContext: initialization completed in 889 ms
2024-04-15 22:53:27.039 [localhost-startStop-1] INFO  o.s.boot.web.servlet.ServletRegistrationBean.addRegistration:185 - Servlet dispatcherServlet mapped to [/]
2024-04-15 22:53:27.042 [localhost-startStop-1] INFO  o.s.boot.web.servlet.FilterRegistrationBean.configure:244 - Mapping filter: 'characterEncodingFilter' to: [/*]
2024-04-15 22:53:27.043 [localhost-startStop-1] INFO  o.s.boot.web.servlet.FilterRegistrationBean.configure:244 - Mapping filter: 'hiddenHttpMethodFilter' to: [/*]
2024-04-15 22:53:27.044 [localhost-startStop-1] INFO  o.s.boot.web.servlet.FilterRegistrationBean.configure:244 - Mapping filter: 'httpPutFormContentFilter' to: [/*]
2024-04-15 22:53:27.044 [localhost-startStop-1] INFO  o.s.boot.web.servlet.FilterRegistrationBean.configure:244 - Mapping filter: 'requestContextFilter' to: [/*]
2024-04-15 22:53:27.117 [main] INFO  c.a.d.s.boot.autoconfigure.DruidDataSourceAutoConfigure.dataSource:56 - Init DruidDataSource
2024-04-15 22:53:27.193 [main] INFO  com.alibaba.druid.pool.DruidDataSource.init:1003 - {dataSource-1} inited
2024-04-15 22:53:27.353 [main] INFO  o.s.web.servlet.handler.SimpleUrlHandlerMapping.registerHandler:373 - Mapped URL path [/**/favicon.ico] onto handler of type [class org.springframework.web.servlet.resource.ResourceHttpRequestHandler]
2024-04-15 22:53:27.533 [main] INFO  o.s.w.s.m.method.annotation.RequestMappingHandlerAdapter.initControllerAdviceCache:574 - Looking for @ControllerAdvice: org.springframework.boot.web.servlet.context.AnnotationConfigServletWebServerApplicationContext@32eff876: startup date [Mon Apr 15 22:53:26 CST 2024]; root of context hierarchy
2024-04-15 22:53:27.564 [main] INFO  o.s.w.s.m.method.annotation.RequestMappingHandlerMapping.register:547 - Mapped "{[/collection/save],methods=[POST]}" onto public com.project.ihealth.po.RestResponse<java.lang.Void> com.project.ihealth.controller.CollectionController.saveCollection(com.project.ihealth.dao.po.CollectionEntry)
2024-04-15 22:53:27.566 [main] INFO  o.s.w.s.m.method.annotation.RequestMappingHandlerMapping.register:547 - Mapped "{[/user/register],methods=[POST]}" onto public com.project.ihealth.po.RestResponse com.project.ihealth.controller.UserController.register(com.project.ihealth.dao.po.UserInfo)
2024-04-15 22:53:27.567 [main] INFO  o.s.w.s.m.method.annotation.RequestMappingHandlerMapping.register:547 - Mapped "{[/user/login],methods=[POST]}" onto public com.project.ihealth.po.RestResponse com.project.ihealth.controller.UserController.login(com.project.ihealth.dao.po.UserInfo)
2024-04-15 22:53:27.569 [main] INFO  o.s.w.s.m.method.annotation.RequestMappingHandlerMapping.register:547 - Mapped "{[/error]}" onto public org.springframework.http.ResponseEntity<java.util.Map<java.lang.String, java.lang.Object>> org.springframework.boot.autoconfigure.web.servlet.error.BasicErrorController.error(javax.servlet.http.HttpServletRequest)
2024-04-15 22:53:27.569 [main] INFO  o.s.w.s.m.method.annotation.RequestMappingHandlerMapping.register:547 - Mapped "{[/error],produces=[text/html]}" onto public org.springframework.web.servlet.ModelAndView org.springframework.boot.autoconfigure.web.servlet.error.BasicErrorController.errorHtml(javax.servlet.http.HttpServletRequest,javax.servlet.http.HttpServletResponse)
2024-04-15 22:53:27.582 [main] INFO  o.s.web.servlet.handler.SimpleUrlHandlerMapping.registerHandler:373 - Mapped URL path [/webjars/**] onto handler of type [class org.springframework.web.servlet.resource.ResourceHttpRequestHandler]
2024-04-15 22:53:27.582 [main] INFO  o.s.web.servlet.handler.SimpleUrlHandlerMapping.registerHandler:373 - Mapped URL path [/**] onto handler of type [class org.springframework.web.servlet.resource.ResourceHttpRequestHandler]
2024-04-15 22:53:27.608 [main] INFO  o.s.b.a.web.servlet.WelcomePageHandlerMapping.<init>:56 - Adding welcome page: class path resource [views/index.html]
2024-04-15 22:53:27.728 [main] INFO  o.s.jmx.export.annotation.AnnotationMBeanExporter.afterSingletonsInstantiated:433 - Registering beans for JMX exposure on startup
2024-04-15 22:53:27.730 [main] INFO  o.s.jmx.export.annotation.AnnotationMBeanExporter.autodetect:895 - Bean with name 'dataSource' has been autodetected for JMX exposure
2024-04-15 22:53:27.735 [main] INFO  o.s.jmx.export.annotation.AnnotationMBeanExporter.registerBeanInstance:668 - Located MBean 'dataSource': registering with JMX server as MBean [com.alibaba.druid.spring.boot.autoconfigure:name=dataSource,type=DruidDataSourceWrapper]
2024-04-15 22:53:27.747 [main] INFO  org.apache.coyote.http11.Http11NioProtocol.log:180 - Starting ProtocolHandler ["http-nio-8080"]
2024-04-15 22:53:27.755 [main] INFO  org.apache.tomcat.util.net.NioSelectorPool.log:180 - Using a shared selector for servlet write/read
2024-04-15 22:53:27.764 [main] INFO  o.a.c.core.ContainerBase.[Tomcat].[localhost].[/ihealth].log:180 - Initializing Spring FrameworkServlet 'dispatcherServlet'
2024-04-15 22:53:27.764 [main] INFO  org.springframework.web.servlet.DispatcherServlet.initServletBean:494 - FrameworkServlet 'dispatcherServlet': initialization started
2024-04-15 22:53:27.781 [main] INFO  org.springframework.web.servlet.DispatcherServlet.initServletBean:509 - FrameworkServlet 'dispatcherServlet': initialization completed in 17 ms
2024-04-15 22:53:27.784 [main] INFO  o.s.boot.web.embedded.tomcat.TomcatWebServer.start:206 - Tomcat started on port(s): 8080 (http) with context path '/ihealth'
2024-04-15 22:53:27.786 [main] INFO  com.project.ihealth.IHealthApplicaiton.logStarted:59 - Started IHealthApplicaiton in 2.068 seconds (JVM running for 3.447)
2024-04-15 22:55:00.308 [main] INFO  com.project.ihealth.IHealthApplicaiton.logStarting:50 - Starting IHealthApplicaiton on Lisa-acer with PID 9548 (E:\myProject\i-health\target\classes started by 龙文暇 in E:\myProject\i-health)
2024-04-15 22:55:00.310 [main] INFO  com.project.ihealth.IHealthApplicaiton.logStartupProfileInfo:659 - No active profile set, falling back to default profiles: default
2024-04-15 22:55:00.353 [main] INFO  o.s.b.w.s.c.AnnotationConfigServletWebServerApplicationContext.prepareRefresh:590 - Refreshing org.springframework.boot.web.servlet.context.AnnotationConfigServletWebServerApplicationContext@6356695f: startup date [Mon Apr 15 22:55:00 CST 2024]; root of context hierarchy
2024-04-15 22:55:01.039 [main] INFO  o.s.boot.web.embedded.tomcat.TomcatWebServer.initialize:91 - Tomcat initialized with port(s): 8080 (http)
2024-04-15 22:55:01.047 [main] INFO  org.apache.coyote.http11.Http11NioProtocol.log:180 - Initializing ProtocolHandler ["http-nio-8080"]
2024-04-15 22:55:01.052 [main] INFO  org.apache.catalina.core.StandardService.log:180 - Starting service [Tomcat]
2024-04-15 22:55:01.052 [main] INFO  org.apache.catalina.core.StandardEngine.log:180 - Starting Servlet Engine: Apache Tomcat/8.5.29
2024-04-15 22:55:01.056 [localhost-startStop-1] INFO  org.apache.catalina.core.AprLifecycleListener.log:180 - The APR based Apache Tomcat Native library which allows optimal performance in production environments was not found on the java.library.path: [E:\idea&support\jdk-8u\bin;C:\WINDOWS\Sun\Java\bin;C:\WINDOWS\system32;C:\WINDOWS;C:\Program Files\MySQL\MySQL Server 8.0\bin;E:\idea&support\jdk-8u\bin;C:\Program Files (x86)\Common Files\Oracle\Java\javapath;D:\app\QQPCMgr\python;C:\WINDOWS;C:\WINDOWS\System32\Wbem;C:\WINDOWS\System32\WindowsPowerShell\v1.0\;C:\WINDOWS\System32\OpenSSH\;C:\WINDOWS\system32;E:\BaiduNetdiskDownload\Microsoft VS Code\bin;E:\idea&support\mysql\mysql-8.0.22-winx64\bin;C:\Program Files\Git\cmd;E:\xshell\;E:\Xftp\;D:\QLDownload\Scripts\;D:\QLDownload\;D:\app\anaconda3;D:\app\anaconda3\Library\mingw-w64\bin;D:\app\anaconda3\Library\usr\bin;D:\app\anaconda3\Library\bin;D:\app\anaconda3\Scripts;D:\app\QQPCMgr\python\Scripts\;D:\app\QQPCMgr\python\;C:\Users\龙文暇\AppData\Local\Microsoft\WindowsApps;;d:\py\Pycharm2021.2.4\bin;;.]
2024-04-15 22:55:01.104 [localhost-startStop-1] INFO  o.a.c.core.ContainerBase.[Tomcat].[localhost].[/ihealth].log:180 - Initializing Spring embedded WebApplicationContext
2024-04-15 22:55:01.105 [localhost-startStop-1] INFO  org.springframework.web.context.ContextLoader.prepareWebApplicationContext:285 - Root WebApplicationContext: initialization completed in 752 ms
2024-04-15 22:55:01.179 [localhost-startStop-1] INFO  o.s.boot.web.servlet.ServletRegistrationBean.addRegistration:185 - Servlet dispatcherServlet mapped to [/]
2024-04-15 22:55:01.181 [localhost-startStop-1] INFO  o.s.boot.web.servlet.FilterRegistrationBean.configure:244 - Mapping filter: 'characterEncodingFilter' to: [/*]
2024-04-15 22:55:01.182 [localhost-startStop-1] INFO  o.s.boot.web.servlet.FilterRegistrationBean.configure:244 - Mapping filter: 'hiddenHttpMethodFilter' to: [/*]
2024-04-15 22:55:01.182 [localhost-startStop-1] INFO  o.s.boot.web.servlet.FilterRegistrationBean.configure:244 - Mapping filter: 'httpPutFormContentFilter' to: [/*]
2024-04-15 22:55:01.182 [localhost-startStop-1] INFO  o.s.boot.web.servlet.FilterRegistrationBean.configure:244 - Mapping filter: 'requestContextFilter' to: [/*]
2024-04-15 22:55:01.241 [main] INFO  c.a.d.s.boot.autoconfigure.DruidDataSourceAutoConfigure.dataSource:56 - Init DruidDataSource
2024-04-15 22:55:01.303 [main] INFO  com.alibaba.druid.pool.DruidDataSource.init:1003 - {dataSource-1} inited
2024-04-15 22:55:01.455 [main] INFO  o.s.web.servlet.handler.SimpleUrlHandlerMapping.registerHandler:373 - Mapped URL path [/**/favicon.ico] onto handler of type [class org.springframework.web.servlet.resource.ResourceHttpRequestHandler]
2024-04-15 22:55:01.622 [main] INFO  o.s.w.s.m.method.annotation.RequestMappingHandlerAdapter.initControllerAdviceCache:574 - Looking for @ControllerAdvice: org.springframework.boot.web.servlet.context.AnnotationConfigServletWebServerApplicationContext@6356695f: startup date [Mon Apr 15 22:55:00 CST 2024]; root of context hierarchy
2024-04-15 22:55:01.658 [main] INFO  o.s.w.s.m.method.annotation.RequestMappingHandlerMapping.register:547 - Mapped "{[/collection/save],methods=[POST]}" onto public com.project.ihealth.po.RestResponse<java.lang.Void> com.project.ihealth.controller.CollectionController.saveCollection(com.project.ihealth.dao.po.CollectionEntry)
2024-04-15 22:55:01.663 [main] INFO  o.s.w.s.m.method.annotation.RequestMappingHandlerMapping.register:547 - Mapped "{[/user/register],methods=[POST]}" onto public com.project.ihealth.po.RestResponse com.project.ihealth.controller.UserController.register(com.project.ihealth.dao.po.UserInfo)
2024-04-15 22:55:01.663 [main] INFO  o.s.w.s.m.method.annotation.RequestMappingHandlerMapping.register:547 - Mapped "{[/user/login],methods=[POST]}" onto public com.project.ihealth.po.RestResponse com.project.ihealth.controller.UserController.login(com.project.ihealth.dao.po.UserInfo)
2024-04-15 22:55:01.665 [main] INFO  o.s.w.s.m.method.annotation.RequestMappingHandlerMapping.register:547 - Mapped "{[/error]}" onto public org.springframework.http.ResponseEntity<java.util.Map<java.lang.String, java.lang.Object>> org.springframework.boot.autoconfigure.web.servlet.error.BasicErrorController.error(javax.servlet.http.HttpServletRequest)
2024-04-15 22:55:01.665 [main] INFO  o.s.w.s.m.method.annotation.RequestMappingHandlerMapping.register:547 - Mapped "{[/error],produces=[text/html]}" onto public org.springframework.web.servlet.ModelAndView org.springframework.boot.autoconfigure.web.servlet.error.BasicErrorController.errorHtml(javax.servlet.http.HttpServletRequest,javax.servlet.http.HttpServletResponse)
2024-04-15 22:55:01.678 [main] INFO  o.s.web.servlet.handler.SimpleUrlHandlerMapping.registerHandler:373 - Mapped URL path [/webjars/**] onto handler of type [class org.springframework.web.servlet.resource.ResourceHttpRequestHandler]
2024-04-15 22:55:01.678 [main] INFO  o.s.web.servlet.handler.SimpleUrlHandlerMapping.registerHandler:373 - Mapped URL path [/**] onto handler of type [class org.springframework.web.servlet.resource.ResourceHttpRequestHandler]
2024-04-15 22:55:01.699 [main] INFO  o.s.b.a.web.servlet.WelcomePageHandlerMapping.<init>:56 - Adding welcome page: class path resource [views/index.html]
2024-04-15 22:55:01.806 [main] INFO  o.s.jmx.export.annotation.AnnotationMBeanExporter.afterSingletonsInstantiated:433 - Registering beans for JMX exposure on startup
2024-04-15 22:55:01.807 [main] INFO  o.s.jmx.export.annotation.AnnotationMBeanExporter.autodetect:895 - Bean with name 'dataSource' has been autodetected for JMX exposure
2024-04-15 22:55:01.810 [main] INFO  o.s.jmx.export.annotation.AnnotationMBeanExporter.registerBeanInstance:668 - Located MBean 'dataSource': registering with JMX server as MBean [com.alibaba.druid.spring.boot.autoconfigure:name=dataSource,type=DruidDataSourceWrapper]
2024-04-15 22:55:01.819 [main] INFO  org.apache.coyote.http11.Http11NioProtocol.log:180 - Starting ProtocolHandler ["http-nio-8080"]
2024-04-15 22:55:01.825 [main] INFO  org.apache.tomcat.util.net.NioSelectorPool.log:180 - Using a shared selector for servlet write/read
2024-04-15 22:55:01.832 [main] INFO  o.a.c.core.ContainerBase.[Tomcat].[localhost].[/ihealth].log:180 - Initializing Spring FrameworkServlet 'dispatcherServlet'
2024-04-15 22:55:01.833 [main] INFO  org.springframework.web.servlet.DispatcherServlet.initServletBean:494 - FrameworkServlet 'dispatcherServlet': initialization started
2024-04-15 22:55:01.846 [main] INFO  org.springframework.web.servlet.DispatcherServlet.initServletBean:509 - FrameworkServlet 'dispatcherServlet': initialization completed in 12 ms
2024-04-15 22:55:01.847 [main] INFO  o.s.boot.web.embedded.tomcat.TomcatWebServer.start:206 - Tomcat started on port(s): 8080 (http) with context path '/ihealth'
2024-04-15 22:55:01.850 [main] INFO  com.project.ihealth.IHealthApplicaiton.logStarted:59 - Started IHealthApplicaiton in 1.719 seconds (JVM running for 2.678)
2024-04-15 22:56:55.369 [main] INFO  com.project.ihealth.IHealthApplicaiton.logStarting:50 - Starting IHealthApplicaiton on Lisa-acer with PID 23932 (E:\myProject\i-health\target\classes started by 龙文暇 in E:\myProject\i-health)
2024-04-15 22:56:55.372 [main] INFO  com.project.ihealth.IHealthApplicaiton.logStartupProfileInfo:659 - No active profile set, falling back to default profiles: default
2024-04-15 22:56:55.412 [main] INFO  o.s.b.w.s.c.AnnotationConfigServletWebServerApplicationContext.prepareRefresh:590 - Refreshing org.springframework.boot.web.servlet.context.AnnotationConfigServletWebServerApplicationContext@5af3afd9: startup date [Mon Apr 15 22:56:55 CST 2024]; root of context hierarchy
2024-04-15 22:56:56.063 [main] INFO  o.s.boot.web.embedded.tomcat.TomcatWebServer.initialize:91 - Tomcat initialized with port(s): 8080 (http)
2024-04-15 22:56:56.070 [main] INFO  org.apache.coyote.http11.Http11NioProtocol.log:180 - Initializing ProtocolHandler ["http-nio-8080"]
2024-04-15 22:56:56.075 [main] INFO  org.apache.catalina.core.StandardService.log:180 - Starting service [Tomcat]
2024-04-15 22:56:56.075 [main] INFO  org.apache.catalina.core.StandardEngine.log:180 - Starting Servlet Engine: Apache Tomcat/8.5.29
2024-04-15 22:56:56.078 [localhost-startStop-1] INFO  org.apache.catalina.core.AprLifecycleListener.log:180 - The APR based Apache Tomcat Native library which allows optimal performance in production environments was not found on the java.library.path: [E:\idea&support\jdk-8u\bin;C:\WINDOWS\Sun\Java\bin;C:\WINDOWS\system32;C:\WINDOWS;C:\Program Files\MySQL\MySQL Server 8.0\bin;E:\idea&support\jdk-8u\bin;C:\Program Files (x86)\Common Files\Oracle\Java\javapath;D:\app\QQPCMgr\python;C:\WINDOWS;C:\WINDOWS\System32\Wbem;C:\WINDOWS\System32\WindowsPowerShell\v1.0\;C:\WINDOWS\System32\OpenSSH\;C:\WINDOWS\system32;E:\BaiduNetdiskDownload\Microsoft VS Code\bin;E:\idea&support\mysql\mysql-8.0.22-winx64\bin;C:\Program Files\Git\cmd;E:\xshell\;E:\Xftp\;D:\QLDownload\Scripts\;D:\QLDownload\;D:\app\anaconda3;D:\app\anaconda3\Library\mingw-w64\bin;D:\app\anaconda3\Library\usr\bin;D:\app\anaconda3\Library\bin;D:\app\anaconda3\Scripts;D:\app\QQPCMgr\python\Scripts\;D:\app\QQPCMgr\python\;C:\Users\龙文暇\AppData\Local\Microsoft\WindowsApps;;d:\py\Pycharm2021.2.4\bin;;.]
2024-04-15 22:56:56.129 [localhost-startStop-1] INFO  o.a.c.core.ContainerBase.[Tomcat].[localhost].[/ihealth].log:180 - Initializing Spring embedded WebApplicationContext
2024-04-15 22:56:56.129 [localhost-startStop-1] INFO  org.springframework.web.context.ContextLoader.prepareWebApplicationContext:285 - Root WebApplicationContext: initialization completed in 717 ms
2024-04-15 22:56:56.199 [localhost-startStop-1] INFO  o.s.boot.web.servlet.ServletRegistrationBean.addRegistration:185 - Servlet dispatcherServlet mapped to [/]
2024-04-15 22:56:56.202 [localhost-startStop-1] INFO  o.s.boot.web.servlet.FilterRegistrationBean.configure:244 - Mapping filter: 'characterEncodingFilter' to: [/*]
2024-04-15 22:56:56.202 [localhost-startStop-1] INFO  o.s.boot.web.servlet.FilterRegistrationBean.configure:244 - Mapping filter: 'hiddenHttpMethodFilter' to: [/*]
2024-04-15 22:56:56.202 [localhost-startStop-1] INFO  o.s.boot.web.servlet.FilterRegistrationBean.configure:244 - Mapping filter: 'httpPutFormContentFilter' to: [/*]
2024-04-15 22:56:56.203 [localhost-startStop-1] INFO  o.s.boot.web.servlet.FilterRegistrationBean.configure:244 - Mapping filter: 'requestContextFilter' to: [/*]
2024-04-15 22:56:56.264 [main] INFO  c.a.d.s.boot.autoconfigure.DruidDataSourceAutoConfigure.dataSource:56 - Init DruidDataSource
2024-04-15 22:56:56.319 [main] INFO  com.alibaba.druid.pool.DruidDataSource.init:1003 - {dataSource-1} inited
2024-04-15 22:56:56.462 [main] INFO  o.s.web.servlet.handler.SimpleUrlHandlerMapping.registerHandler:373 - Mapped URL path [/**/favicon.ico] onto handler of type [class org.springframework.web.servlet.resource.ResourceHttpRequestHandler]
2024-04-15 22:56:56.630 [main] INFO  o.s.w.s.m.method.annotation.RequestMappingHandlerAdapter.initControllerAdviceCache:574 - Looking for @ControllerAdvice: org.springframework.boot.web.servlet.context.AnnotationConfigServletWebServerApplicationContext@5af3afd9: startup date [Mon Apr 15 22:56:55 CST 2024]; root of context hierarchy
2024-04-15 22:56:56.661 [main] INFO  o.s.w.s.m.method.annotation.RequestMappingHandlerMapping.register:547 - Mapped "{[/collection/save],methods=[POST]}" onto public com.project.ihealth.po.RestResponse<java.lang.Void> com.project.ihealth.controller.CollectionController.saveCollection(com.project.ihealth.dao.po.CollectionEntry)
2024-04-15 22:56:56.662 [main] INFO  o.s.w.s.m.method.annotation.RequestMappingHandlerMapping.register:547 - Mapped "{[/user/register],methods=[POST]}" onto public com.project.ihealth.po.RestResponse com.project.ihealth.controller.UserController.register(com.project.ihealth.dao.po.UserInfo)
2024-04-15 22:56:56.662 [main] INFO  o.s.w.s.m.method.annotation.RequestMappingHandlerMapping.register:547 - Mapped "{[/user/login],methods=[POST]}" onto public com.project.ihealth.po.RestResponse com.project.ihealth.controller.UserController.login(com.project.ihealth.dao.po.UserInfo)
2024-04-15 22:56:56.663 [main] INFO  o.s.w.s.m.method.annotation.RequestMappingHandlerMapping.register:547 - Mapped "{[/error]}" onto public org.springframework.http.ResponseEntity<java.util.Map<java.lang.String, java.lang.Object>> org.springframework.boot.autoconfigure.web.servlet.error.BasicErrorController.error(javax.servlet.http.HttpServletRequest)
2024-04-15 22:56:56.664 [main] INFO  o.s.w.s.m.method.annotation.RequestMappingHandlerMapping.register:547 - Mapped "{[/error],produces=[text/html]}" onto public org.springframework.web.servlet.ModelAndView org.springframework.boot.autoconfigure.web.servlet.error.BasicErrorController.errorHtml(javax.servlet.http.HttpServletRequest,javax.servlet.http.HttpServletResponse)
2024-04-15 22:56:56.676 [main] INFO  o.s.web.servlet.handler.SimpleUrlHandlerMapping.registerHandler:373 - Mapped URL path [/webjars/**] onto handler of type [class org.springframework.web.servlet.resource.ResourceHttpRequestHandler]
2024-04-15 22:56:56.676 [main] INFO  o.s.web.servlet.handler.SimpleUrlHandlerMapping.registerHandler:373 - Mapped URL path [/**] onto handler of type [class org.springframework.web.servlet.resource.ResourceHttpRequestHandler]
2024-04-15 22:56:56.698 [main] INFO  o.s.b.a.web.servlet.WelcomePageHandlerMapping.<init>:56 - Adding welcome page: class path resource [views/index.html]
2024-04-15 22:56:56.822 [main] INFO  o.s.jmx.export.annotation.AnnotationMBeanExporter.afterSingletonsInstantiated:433 - Registering beans for JMX exposure on startup
2024-04-15 22:56:56.823 [main] INFO  o.s.jmx.export.annotation.AnnotationMBeanExporter.autodetect:895 - Bean with name 'dataSource' has been autodetected for JMX exposure
2024-04-15 22:56:56.826 [main] INFO  o.s.jmx.export.annotation.AnnotationMBeanExporter.registerBeanInstance:668 - Located MBean 'dataSource': registering with JMX server as MBean [com.alibaba.druid.spring.boot.autoconfigure:name=dataSource,type=DruidDataSourceWrapper]
2024-04-15 22:56:56.835 [main] INFO  org.apache.coyote.http11.Http11NioProtocol.log:180 - Starting ProtocolHandler ["http-nio-8080"]
2024-04-15 22:56:56.841 [main] INFO  org.apache.tomcat.util.net.NioSelectorPool.log:180 - Using a shared selector for servlet write/read
2024-04-15 22:56:56.849 [main] INFO  o.a.c.core.ContainerBase.[Tomcat].[localhost].[/ihealth].log:180 - Initializing Spring FrameworkServlet 'dispatcherServlet'
2024-04-15 22:56:56.850 [main] INFO  org.springframework.web.servlet.DispatcherServlet.initServletBean:494 - FrameworkServlet 'dispatcherServlet': initialization started
2024-04-15 22:56:56.866 [main] INFO  org.springframework.web.servlet.DispatcherServlet.initServletBean:509 - FrameworkServlet 'dispatcherServlet': initialization completed in 16 ms
2024-04-15 22:56:56.868 [main] INFO  o.s.boot.web.embedded.tomcat.TomcatWebServer.start:206 - Tomcat started on port(s): 8080 (http) with context path '/ihealth'
2024-04-15 22:56:56.871 [main] INFO  com.project.ihealth.IHealthApplicaiton.logStarted:59 - Started IHealthApplicaiton in 1.688 seconds (JVM running for 2.578)
2024-04-15 22:57:06.567 [main] INFO  com.project.ihealth.IHealthApplicaiton.logStarting:50 - Starting IHealthApplicaiton on Lisa-acer with PID 26236 (E:\myProject\i-health\target\classes started by 龙文暇 in E:\myProject\i-health)
2024-04-15 22:57:06.569 [main] INFO  com.project.ihealth.IHealthApplicaiton.logStartupProfileInfo:659 - No active profile set, falling back to default profiles: default
2024-04-15 22:57:06.605 [main] INFO  o.s.b.w.s.c.AnnotationConfigServletWebServerApplicationContext.prepareRefresh:590 - Refreshing org.springframework.boot.web.servlet.context.AnnotationConfigServletWebServerApplicationContext@1fa268de: startup date [Mon Apr 15 22:57:06 CST 2024]; root of context hierarchy
2024-04-15 22:57:07.243 [main] INFO  o.s.boot.web.embedded.tomcat.TomcatWebServer.initialize:91 - Tomcat initialized with port(s): 8080 (http)
2024-04-15 22:57:07.250 [main] INFO  org.apache.coyote.http11.Http11NioProtocol.log:180 - Initializing ProtocolHandler ["http-nio-8080"]
2024-04-15 22:57:07.256 [main] INFO  org.apache.catalina.core.StandardService.log:180 - Starting service [Tomcat]
2024-04-15 22:57:07.256 [main] INFO  org.apache.catalina.core.StandardEngine.log:180 - Starting Servlet Engine: Apache Tomcat/8.5.29
2024-04-15 22:57:07.259 [localhost-startStop-1] INFO  org.apache.catalina.core.AprLifecycleListener.log:180 - The APR based Apache Tomcat Native library which allows optimal performance in production environments was not found on the java.library.path: [E:\idea&support\jdk-8u\bin;C:\WINDOWS\Sun\Java\bin;C:\WINDOWS\system32;C:\WINDOWS;C:\Program Files\MySQL\MySQL Server 8.0\bin;E:\idea&support\jdk-8u\bin;C:\Program Files (x86)\Common Files\Oracle\Java\javapath;D:\app\QQPCMgr\python;C:\WINDOWS;C:\WINDOWS\System32\Wbem;C:\WINDOWS\System32\WindowsPowerShell\v1.0\;C:\WINDOWS\System32\OpenSSH\;C:\WINDOWS\system32;E:\BaiduNetdiskDownload\Microsoft VS Code\bin;E:\idea&support\mysql\mysql-8.0.22-winx64\bin;C:\Program Files\Git\cmd;E:\xshell\;E:\Xftp\;D:\QLDownload\Scripts\;D:\QLDownload\;D:\app\anaconda3;D:\app\anaconda3\Library\mingw-w64\bin;D:\app\anaconda3\Library\usr\bin;D:\app\anaconda3\Library\bin;D:\app\anaconda3\Scripts;D:\app\QQPCMgr\python\Scripts\;D:\app\QQPCMgr\python\;C:\Users\龙文暇\AppData\Local\Microsoft\WindowsApps;;d:\py\Pycharm2021.2.4\bin;;.]
2024-04-15 22:57:07.311 [localhost-startStop-1] INFO  o.a.c.core.ContainerBase.[Tomcat].[localhost].[/ihealth].log:180 - Initializing Spring embedded WebApplicationContext
2024-04-15 22:57:07.311 [localhost-startStop-1] INFO  org.springframework.web.context.ContextLoader.prepareWebApplicationContext:285 - Root WebApplicationContext: initialization completed in 706 ms
2024-04-15 22:57:07.382 [localhost-startStop-1] INFO  o.s.boot.web.servlet.ServletRegistrationBean.addRegistration:185 - Servlet dispatcherServlet mapped to [/]
2024-04-15 22:57:07.385 [localhost-startStop-1] INFO  o.s.boot.web.servlet.FilterRegistrationBean.configure:244 - Mapping filter: 'characterEncodingFilter' to: [/*]
2024-04-15 22:57:07.385 [localhost-startStop-1] INFO  o.s.boot.web.servlet.FilterRegistrationBean.configure:244 - Mapping filter: 'hiddenHttpMethodFilter' to: [/*]
2024-04-15 22:57:07.385 [localhost-startStop-1] INFO  o.s.boot.web.servlet.FilterRegistrationBean.configure:244 - Mapping filter: 'httpPutFormContentFilter' to: [/*]
2024-04-15 22:57:07.385 [localhost-startStop-1] INFO  o.s.boot.web.servlet.FilterRegistrationBean.configure:244 - Mapping filter: 'requestContextFilter' to: [/*]
2024-04-15 22:57:07.447 [main] INFO  c.a.d.s.boot.autoconfigure.DruidDataSourceAutoConfigure.dataSource:56 - Init DruidDataSource
2024-04-15 22:57:07.506 [main] INFO  com.alibaba.druid.pool.DruidDataSource.init:1003 - {dataSource-1} inited
2024-04-15 22:57:07.651 [main] INFO  o.s.web.servlet.handler.SimpleUrlHandlerMapping.registerHandler:373 - Mapped URL path [/**/favicon.ico] onto handler of type [class org.springframework.web.servlet.resource.ResourceHttpRequestHandler]
2024-04-15 22:57:07.812 [main] INFO  o.s.w.s.m.method.annotation.RequestMappingHandlerAdapter.initControllerAdviceCache:574 - Looking for @ControllerAdvice: org.springframework.boot.web.servlet.context.AnnotationConfigServletWebServerApplicationContext@1fa268de: startup date [Mon Apr 15 22:57:06 CST 2024]; root of context hierarchy
2024-04-15 22:57:07.840 [main] INFO  o.s.w.s.m.method.annotation.RequestMappingHandlerMapping.register:547 - Mapped "{[/collection/save],methods=[POST]}" onto public com.project.ihealth.po.RestResponse<java.lang.Void> com.project.ihealth.controller.CollectionController.saveCollection(com.project.ihealth.dao.po.CollectionEntry)
2024-04-15 22:57:07.842 [main] INFO  o.s.w.s.m.method.annotation.RequestMappingHandlerMapping.register:547 - Mapped "{[/user/register],methods=[POST]}" onto public com.project.ihealth.po.RestResponse com.project.ihealth.controller.UserController.register(com.project.ihealth.dao.po.UserInfo)
2024-04-15 22:57:07.842 [main] INFO  o.s.w.s.m.method.annotation.RequestMappingHandlerMapping.register:547 - Mapped "{[/user/login],methods=[POST]}" onto public com.project.ihealth.po.RestResponse com.project.ihealth.controller.UserController.login(com.project.ihealth.dao.po.UserInfo)
2024-04-15 22:57:07.844 [main] INFO  o.s.w.s.m.method.annotation.RequestMappingHandlerMapping.register:547 - Mapped "{[/error]}" onto public org.springframework.http.ResponseEntity<java.util.Map<java.lang.String, java.lang.Object>> org.springframework.boot.autoconfigure.web.servlet.error.BasicErrorController.error(javax.servlet.http.HttpServletRequest)
2024-04-15 22:57:07.844 [main] INFO  o.s.w.s.m.method.annotation.RequestMappingHandlerMapping.register:547 - Mapped "{[/error],produces=[text/html]}" onto public org.springframework.web.servlet.ModelAndView org.springframework.boot.autoconfigure.web.servlet.error.BasicErrorController.errorHtml(javax.servlet.http.HttpServletRequest,javax.servlet.http.HttpServletResponse)
2024-04-15 22:57:07.856 [main] INFO  o.s.web.servlet.handler.SimpleUrlHandlerMapping.registerHandler:373 - Mapped URL path [/webjars/**] onto handler of type [class org.springframework.web.servlet.resource.ResourceHttpRequestHandler]
2024-04-15 22:57:07.856 [main] INFO  o.s.web.servlet.handler.SimpleUrlHandlerMapping.registerHandler:373 - Mapped URL path [/**] onto handler of type [class org.springframework.web.servlet.resource.ResourceHttpRequestHandler]
2024-04-15 22:57:07.877 [main] INFO  o.s.b.a.web.servlet.WelcomePageHandlerMapping.<init>:56 - Adding welcome page: class path resource [views/index.html]
2024-04-15 22:57:07.986 [main] INFO  o.s.jmx.export.annotation.AnnotationMBeanExporter.afterSingletonsInstantiated:433 - Registering beans for JMX exposure on startup
2024-04-15 22:57:07.987 [main] INFO  o.s.jmx.export.annotation.AnnotationMBeanExporter.autodetect:895 - Bean with name 'dataSource' has been autodetected for JMX exposure
2024-04-15 22:57:07.990 [main] INFO  o.s.jmx.export.annotation.AnnotationMBeanExporter.registerBeanInstance:668 - Located MBean 'dataSource': registering with JMX server as MBean [com.alibaba.druid.spring.boot.autoconfigure:name=dataSource,type=DruidDataSourceWrapper]
2024-04-15 22:57:07.998 [main] INFO  org.apache.coyote.http11.Http11NioProtocol.log:180 - Starting ProtocolHandler ["http-nio-8080"]
2024-04-15 22:57:08.003 [main] INFO  org.apache.tomcat.util.net.NioSelectorPool.log:180 - Using a shared selector for servlet write/read
2024-04-15 22:57:08.011 [main] INFO  o.a.c.core.ContainerBase.[Tomcat].[localhost].[/ihealth].log:180 - Initializing Spring FrameworkServlet 'dispatcherServlet'
2024-04-15 22:57:08.011 [main] INFO  org.springframework.web.servlet.DispatcherServlet.initServletBean:494 - FrameworkServlet 'dispatcherServlet': initialization started
2024-04-15 22:57:08.024 [main] INFO  org.springframework.web.servlet.DispatcherServlet.initServletBean:509 - FrameworkServlet 'dispatcherServlet': initialization completed in 13 ms
2024-04-15 22:57:08.025 [main] INFO  o.s.boot.web.embedded.tomcat.TomcatWebServer.start:206 - Tomcat started on port(s): 8080 (http) with context path '/ihealth'
2024-04-15 22:57:08.028 [main] INFO  com.project.ihealth.IHealthApplicaiton.logStarted:59 - Started IHealthApplicaiton in 1.64 seconds (JVM running for 2.591)
