2024-02-27 20:46:33.469 [main] INFO  com.project.ihealth.IHealthApplicaiton.logStarting:50 - Starting IHealthApplicaiton on Lisa-acer with PID 21360 (E:\myProject\i-health\target\classes started by 龙文暇 in E:\myProject\i-health)
2024-02-27 20:46:33.472 [main] INFO  com.project.ihealth.IHealthApplicaiton.logStartupProfileInfo:659 - No active profile set, falling back to default profiles: default
2024-02-27 20:46:33.513 [main] INFO  o.s.b.w.s.c.AnnotationConfigServletWebServerApplicationContext.prepareRefresh:590 - Refreshing org.springframework.boot.web.servlet.context.AnnotationConfigServletWebServerApplicationContext@4f18837a: startup date [Tue Feb 27 20:46:33 CST 2024]; root of context hierarchy
2024-02-27 20:46:34.123 [main] INFO  o.s.boot.web.embedded.tomcat.TomcatWebServer.initialize:91 - Tomcat initialized with port(s): 8080 (http)
2024-02-27 20:46:34.131 [main] INFO  org.apache.coyote.http11.Http11NioProtocol.log:180 - Initializing ProtocolHandler ["http-nio-8080"]
2024-02-27 20:46:34.136 [main] INFO  org.apache.catalina.core.StandardService.log:180 - Starting service [Tomcat]
2024-02-27 20:46:34.136 [main] INFO  org.apache.catalina.core.StandardEngine.log:180 - Starting Servlet Engine: Apache Tomcat/8.5.29
2024-02-27 20:46:34.140 [localhost-startStop-1] INFO  org.apache.catalina.core.AprLifecycleListener.log:180 - The APR based Apache Tomcat Native library which allows optimal performance in production environments was not found on the java.library.path: [E:\idea&support\jdk-8u\bin;C:\WINDOWS\Sun\Java\bin;C:\WINDOWS\system32;C:\WINDOWS;C:\Program Files\MySQL\MySQL Server 8.0\bin;E:\idea&support\jdk-8u\bin;C:\Program Files (x86)\Common Files\Oracle\Java\javapath;D:\app\QQPCMgr\python;C:\WINDOWS;C:\WINDOWS\System32\Wbem;C:\WINDOWS\System32\WindowsPowerShell\v1.0\;C:\WINDOWS\System32\OpenSSH\;C:\WINDOWS\system32;E:\BaiduNetdiskDownload\Microsoft VS Code\bin;E:\idea&support\mysql\mysql-8.0.22-winx64\bin;C:\Program Files\Git\cmd;E:\xshell\;E:\Xftp\;D:\QLDownload\Scripts\;D:\QLDownload\;D:\app\anaconda3;D:\app\anaconda3\Library\mingw-w64\bin;D:\app\anaconda3\Library\usr\bin;D:\app\anaconda3\Library\bin;D:\app\anaconda3\Scripts;D:\app\QQPCMgr\python\Scripts\;D:\app\QQPCMgr\python\;C:\Users\龙文暇\AppData\Local\Microsoft\WindowsApps;;d:\py\Pycharm2021.2.4\bin;;.]
2024-02-27 20:46:34.193 [localhost-startStop-1] INFO  o.a.c.core.ContainerBase.[Tomcat].[localhost].[/ihealth].log:180 - Initializing Spring embedded WebApplicationContext
2024-02-27 20:46:34.194 [localhost-startStop-1] INFO  org.springframework.web.context.ContextLoader.prepareWebApplicationContext:285 - Root WebApplicationContext: initialization completed in 681 ms
2024-02-27 20:46:34.264 [localhost-startStop-1] INFO  o.s.boot.web.servlet.ServletRegistrationBean.addRegistration:185 - Servlet dispatcherServlet mapped to [/]
2024-02-27 20:46:34.267 [localhost-startStop-1] INFO  o.s.boot.web.servlet.FilterRegistrationBean.configure:244 - Mapping filter: 'characterEncodingFilter' to: [/*]
2024-02-27 20:46:34.267 [localhost-startStop-1] INFO  o.s.boot.web.servlet.FilterRegistrationBean.configure:244 - Mapping filter: 'hiddenHttpMethodFilter' to: [/*]
2024-02-27 20:46:34.267 [localhost-startStop-1] INFO  o.s.boot.web.servlet.FilterRegistrationBean.configure:244 - Mapping filter: 'httpPutFormContentFilter' to: [/*]
2024-02-27 20:46:34.267 [localhost-startStop-1] INFO  o.s.boot.web.servlet.FilterRegistrationBean.configure:244 - Mapping filter: 'requestContextFilter' to: [/*]
2024-02-27 20:46:34.327 [main] INFO  c.a.d.s.boot.autoconfigure.DruidDataSourceAutoConfigure.dataSource:56 - Init DruidDataSource
2024-02-27 20:46:34.383 [main] INFO  com.alibaba.druid.pool.DruidDataSource.init:1003 - {dataSource-1} inited
2024-02-27 20:46:34.559 [main] INFO  o.s.web.servlet.handler.SimpleUrlHandlerMapping.registerHandler:373 - Mapped URL path [/**/favicon.ico] onto handler of type [class org.springframework.web.servlet.resource.ResourceHttpRequestHandler]
2024-02-27 20:46:34.717 [main] INFO  o.s.w.s.m.method.annotation.RequestMappingHandlerAdapter.initControllerAdviceCache:574 - Looking for @ControllerAdvice: org.springframework.boot.web.servlet.context.AnnotationConfigServletWebServerApplicationContext@4f18837a: startup date [Tue Feb 27 20:46:33 CST 2024]; root of context hierarchy
2024-02-27 20:46:34.751 [main] INFO  o.s.w.s.m.method.annotation.RequestMappingHandlerMapping.register:547 - Mapped "{[/collection/save],methods=[POST]}" onto public com.project.ihealth.po.RestResponse<java.lang.Void> com.project.ihealth.controller.CollectionController.saveCollection(com.project.ihealth.dao.po.CollectionEntry)
2024-02-27 20:46:34.753 [main] INFO  o.s.w.s.m.method.annotation.RequestMappingHandlerMapping.register:547 - Mapped "{[/user/register],methods=[POST]}" onto public com.project.ihealth.po.RestResponse com.project.ihealth.controller.UserController.register(com.project.ihealth.dao.po.UserInfo)
2024-02-27 20:46:34.754 [main] INFO  o.s.w.s.m.method.annotation.RequestMappingHandlerMapping.register:547 - Mapped "{[/user/login],methods=[POST]}" onto public com.project.ihealth.po.RestResponse com.project.ihealth.controller.UserController.login(com.project.ihealth.dao.po.UserInfo)
2024-02-27 20:46:34.756 [main] INFO  o.s.w.s.m.method.annotation.RequestMappingHandlerMapping.register:547 - Mapped "{[/error]}" onto public org.springframework.http.ResponseEntity<java.util.Map<java.lang.String, java.lang.Object>> org.springframework.boot.autoconfigure.web.servlet.error.BasicErrorController.error(javax.servlet.http.HttpServletRequest)
2024-02-27 20:46:34.756 [main] INFO  o.s.w.s.m.method.annotation.RequestMappingHandlerMapping.register:547 - Mapped "{[/error],produces=[text/html]}" onto public org.springframework.web.servlet.ModelAndView org.springframework.boot.autoconfigure.web.servlet.error.BasicErrorController.errorHtml(javax.servlet.http.HttpServletRequest,javax.servlet.http.HttpServletResponse)
2024-02-27 20:46:34.769 [main] INFO  o.s.web.servlet.handler.SimpleUrlHandlerMapping.registerHandler:373 - Mapped URL path [/webjars/**] onto handler of type [class org.springframework.web.servlet.resource.ResourceHttpRequestHandler]
2024-02-27 20:46:34.769 [main] INFO  o.s.web.servlet.handler.SimpleUrlHandlerMapping.registerHandler:373 - Mapped URL path [/**] onto handler of type [class org.springframework.web.servlet.resource.ResourceHttpRequestHandler]
2024-02-27 20:46:34.793 [main] INFO  o.s.b.a.web.servlet.WelcomePageHandlerMapping.<init>:56 - Adding welcome page: class path resource [views/index.html]
2024-02-27 20:46:34.910 [main] INFO  o.s.jmx.export.annotation.AnnotationMBeanExporter.afterSingletonsInstantiated:433 - Registering beans for JMX exposure on startup
2024-02-27 20:46:34.911 [main] INFO  o.s.jmx.export.annotation.AnnotationMBeanExporter.autodetect:895 - Bean with name 'dataSource' has been autodetected for JMX exposure
2024-02-27 20:46:34.914 [main] INFO  o.s.jmx.export.annotation.AnnotationMBeanExporter.registerBeanInstance:668 - Located MBean 'dataSource': registering with JMX server as MBean [com.alibaba.druid.spring.boot.autoconfigure:name=dataSource,type=DruidDataSourceWrapper]
2024-02-27 20:46:34.927 [main] INFO  org.apache.coyote.http11.Http11NioProtocol.log:180 - Starting ProtocolHandler ["http-nio-8080"]
2024-02-27 20:46:34.934 [main] INFO  org.apache.tomcat.util.net.NioSelectorPool.log:180 - Using a shared selector for servlet write/read
2024-02-27 20:46:34.942 [main] INFO  o.a.c.core.ContainerBase.[Tomcat].[localhost].[/ihealth].log:180 - Initializing Spring FrameworkServlet 'dispatcherServlet'
2024-02-27 20:46:34.942 [main] INFO  org.springframework.web.servlet.DispatcherServlet.initServletBean:494 - FrameworkServlet 'dispatcherServlet': initialization started
2024-02-27 20:46:34.953 [main] INFO  org.springframework.web.servlet.DispatcherServlet.initServletBean:509 - FrameworkServlet 'dispatcherServlet': initialization completed in 11 ms
2024-02-27 20:46:34.955 [main] INFO  o.s.boot.web.embedded.tomcat.TomcatWebServer.start:206 - Tomcat started on port(s): 8080 (http) with context path '/ihealth'
2024-02-27 20:46:34.958 [main] INFO  com.project.ihealth.IHealthApplicaiton.logStarted:59 - Started IHealthApplicaiton in 1.686 seconds (JVM running for 2.663)
2024-02-27 20:47:49.160 [main] INFO  com.project.ihealth.IHealthApplicaiton.logStarting:50 - Starting IHealthApplicaiton on Lisa-acer with PID 27000 (E:\myProject\i-health\target\classes started by 龙文暇 in E:\myProject\i-health)
2024-02-27 20:47:49.162 [main] INFO  com.project.ihealth.IHealthApplicaiton.logStartupProfileInfo:659 - No active profile set, falling back to default profiles: default
2024-02-27 20:47:49.196 [main] INFO  o.s.b.w.s.c.AnnotationConfigServletWebServerApplicationContext.prepareRefresh:590 - Refreshing org.springframework.boot.web.servlet.context.AnnotationConfigServletWebServerApplicationContext@4466af20: startup date [Tue Feb 27 20:47:49 CST 2024]; root of context hierarchy
2024-02-27 20:47:49.930 [main] INFO  o.s.boot.web.embedded.tomcat.TomcatWebServer.initialize:91 - Tomcat initialized with port(s): 8080 (http)
2024-02-27 20:47:49.938 [main] INFO  org.apache.coyote.http11.Http11NioProtocol.log:180 - Initializing ProtocolHandler ["http-nio-8080"]
2024-02-27 20:47:49.944 [main] INFO  org.apache.catalina.core.StandardService.log:180 - Starting service [Tomcat]
2024-02-27 20:47:49.945 [main] INFO  org.apache.catalina.core.StandardEngine.log:180 - Starting Servlet Engine: Apache Tomcat/8.5.29
2024-02-27 20:47:49.949 [localhost-startStop-1] INFO  org.apache.catalina.core.AprLifecycleListener.log:180 - The APR based Apache Tomcat Native library which allows optimal performance in production environments was not found on the java.library.path: [E:\idea&support\jdk-8u\bin;C:\WINDOWS\Sun\Java\bin;C:\WINDOWS\system32;C:\WINDOWS;C:\Program Files\MySQL\MySQL Server 8.0\bin;E:\idea&support\jdk-8u\bin;C:\Program Files (x86)\Common Files\Oracle\Java\javapath;D:\app\QQPCMgr\python;C:\WINDOWS;C:\WINDOWS\System32\Wbem;C:\WINDOWS\System32\WindowsPowerShell\v1.0\;C:\WINDOWS\System32\OpenSSH\;C:\WINDOWS\system32;E:\BaiduNetdiskDownload\Microsoft VS Code\bin;E:\idea&support\mysql\mysql-8.0.22-winx64\bin;C:\Program Files\Git\cmd;E:\xshell\;E:\Xftp\;D:\QLDownload\Scripts\;D:\QLDownload\;D:\app\anaconda3;D:\app\anaconda3\Library\mingw-w64\bin;D:\app\anaconda3\Library\usr\bin;D:\app\anaconda3\Library\bin;D:\app\anaconda3\Scripts;D:\app\QQPCMgr\python\Scripts\;D:\app\QQPCMgr\python\;C:\Users\龙文暇\AppData\Local\Microsoft\WindowsApps;;d:\py\Pycharm2021.2.4\bin;;.]
2024-02-27 20:47:50.004 [localhost-startStop-1] INFO  o.a.c.core.ContainerBase.[Tomcat].[localhost].[/ihealth].log:180 - Initializing Spring embedded WebApplicationContext
2024-02-27 20:47:50.004 [localhost-startStop-1] INFO  org.springframework.web.context.ContextLoader.prepareWebApplicationContext:285 - Root WebApplicationContext: initialization completed in 808 ms
2024-02-27 20:47:50.073 [localhost-startStop-1] INFO  o.s.boot.web.servlet.ServletRegistrationBean.addRegistration:185 - Servlet dispatcherServlet mapped to [/]
2024-02-27 20:47:50.075 [localhost-startStop-1] INFO  o.s.boot.web.servlet.FilterRegistrationBean.configure:244 - Mapping filter: 'characterEncodingFilter' to: [/*]
2024-02-27 20:47:50.076 [localhost-startStop-1] INFO  o.s.boot.web.servlet.FilterRegistrationBean.configure:244 - Mapping filter: 'hiddenHttpMethodFilter' to: [/*]
2024-02-27 20:47:50.076 [localhost-startStop-1] INFO  o.s.boot.web.servlet.FilterRegistrationBean.configure:244 - Mapping filter: 'httpPutFormContentFilter' to: [/*]
2024-02-27 20:47:50.076 [localhost-startStop-1] INFO  o.s.boot.web.servlet.FilterRegistrationBean.configure:244 - Mapping filter: 'requestContextFilter' to: [/*]
2024-02-27 20:47:50.149 [main] INFO  c.a.d.s.boot.autoconfigure.DruidDataSourceAutoConfigure.dataSource:56 - Init DruidDataSource
2024-02-27 20:47:50.219 [main] INFO  com.alibaba.druid.pool.DruidDataSource.init:1003 - {dataSource-1} inited
2024-02-27 20:47:50.461 [main] INFO  o.s.web.servlet.handler.SimpleUrlHandlerMapping.registerHandler:373 - Mapped URL path [/**/favicon.ico] onto handler of type [class org.springframework.web.servlet.resource.ResourceHttpRequestHandler]
2024-02-27 20:47:50.631 [main] INFO  o.s.w.s.m.method.annotation.RequestMappingHandlerAdapter.initControllerAdviceCache:574 - Looking for @ControllerAdvice: org.springframework.boot.web.servlet.context.AnnotationConfigServletWebServerApplicationContext@4466af20: startup date [Tue Feb 27 20:47:49 CST 2024]; root of context hierarchy
2024-02-27 20:47:50.664 [main] INFO  o.s.w.s.m.method.annotation.RequestMappingHandlerMapping.register:547 - Mapped "{[/collection/save],methods=[POST]}" onto public com.project.ihealth.po.RestResponse<java.lang.Void> com.project.ihealth.controller.CollectionController.saveCollection(com.project.ihealth.dao.po.CollectionEntry)
2024-02-27 20:47:50.666 [main] INFO  o.s.w.s.m.method.annotation.RequestMappingHandlerMapping.register:547 - Mapped "{[/user/register],methods=[POST]}" onto public com.project.ihealth.po.RestResponse com.project.ihealth.controller.UserController.register(com.project.ihealth.dao.po.UserInfo)
2024-02-27 20:47:50.667 [main] INFO  o.s.w.s.m.method.annotation.RequestMappingHandlerMapping.register:547 - Mapped "{[/user/login],methods=[POST]}" onto public com.project.ihealth.po.RestResponse com.project.ihealth.controller.UserController.login(com.project.ihealth.dao.po.UserInfo)
2024-02-27 20:47:50.669 [main] INFO  o.s.w.s.m.method.annotation.RequestMappingHandlerMapping.register:547 - Mapped "{[/error]}" onto public org.springframework.http.ResponseEntity<java.util.Map<java.lang.String, java.lang.Object>> org.springframework.boot.autoconfigure.web.servlet.error.BasicErrorController.error(javax.servlet.http.HttpServletRequest)
2024-02-27 20:47:50.669 [main] INFO  o.s.w.s.m.method.annotation.RequestMappingHandlerMapping.register:547 - Mapped "{[/error],produces=[text/html]}" onto public org.springframework.web.servlet.ModelAndView org.springframework.boot.autoconfigure.web.servlet.error.BasicErrorController.errorHtml(javax.servlet.http.HttpServletRequest,javax.servlet.http.HttpServletResponse)
2024-02-27 20:47:50.684 [main] INFO  o.s.web.servlet.handler.SimpleUrlHandlerMapping.registerHandler:373 - Mapped URL path [/webjars/**] onto handler of type [class org.springframework.web.servlet.resource.ResourceHttpRequestHandler]
2024-02-27 20:47:50.684 [main] INFO  o.s.web.servlet.handler.SimpleUrlHandlerMapping.registerHandler:373 - Mapped URL path [/**] onto handler of type [class org.springframework.web.servlet.resource.ResourceHttpRequestHandler]
2024-02-27 20:47:50.710 [main] INFO  o.s.b.a.web.servlet.WelcomePageHandlerMapping.<init>:56 - Adding welcome page: class path resource [views/index.html]
2024-02-27 20:47:50.831 [main] INFO  o.s.jmx.export.annotation.AnnotationMBeanExporter.afterSingletonsInstantiated:433 - Registering beans for JMX exposure on startup
2024-02-27 20:47:50.832 [main] INFO  o.s.jmx.export.annotation.AnnotationMBeanExporter.autodetect:895 - Bean with name 'dataSource' has been autodetected for JMX exposure
2024-02-27 20:47:50.835 [main] INFO  o.s.jmx.export.annotation.AnnotationMBeanExporter.registerBeanInstance:668 - Located MBean 'dataSource': registering with JMX server as MBean [com.alibaba.druid.spring.boot.autoconfigure:name=dataSource,type=DruidDataSourceWrapper]
2024-02-27 20:47:50.845 [main] INFO  org.apache.coyote.http11.Http11NioProtocol.log:180 - Starting ProtocolHandler ["http-nio-8080"]
2024-02-27 20:47:50.852 [main] INFO  org.apache.tomcat.util.net.NioSelectorPool.log:180 - Using a shared selector for servlet write/read
2024-02-27 20:47:50.865 [main] INFO  o.a.c.core.ContainerBase.[Tomcat].[localhost].[/ihealth].log:180 - Initializing Spring FrameworkServlet 'dispatcherServlet'
2024-02-27 20:47:50.865 [main] INFO  org.springframework.web.servlet.DispatcherServlet.initServletBean:494 - FrameworkServlet 'dispatcherServlet': initialization started
2024-02-27 20:47:50.875 [main] INFO  org.springframework.web.servlet.DispatcherServlet.initServletBean:509 - FrameworkServlet 'dispatcherServlet': initialization completed in 10 ms
2024-02-27 20:47:50.877 [main] INFO  o.s.boot.web.embedded.tomcat.TomcatWebServer.start:206 - Tomcat started on port(s): 8080 (http) with context path '/ihealth'
2024-02-27 20:47:50.881 [main] INFO  com.project.ihealth.IHealthApplicaiton.logStarted:59 - Started IHealthApplicaiton in 1.947 seconds (JVM running for 2.722)
