2024-08-04 20:05:35.821 [main] INFO  com.project.ihealth.IHealthApplicaiton.logStarting:50 - Starting IHealthApplicaiton on Lisa-acer with PID 24656 (E:\myProject\i-health\target\classes started by 龙文暇 in E:\myProject\i-health)
2024-08-04 20:05:35.823 [main] INFO  com.project.ihealth.IHealthApplicaiton.logStartupProfileInfo:659 - No active profile set, falling back to default profiles: default
2024-08-04 20:05:35.865 [main] INFO  o.s.b.w.s.c.AnnotationConfigServletWebServerApplicationContext.prepareRefresh:590 - Refreshing org.springframework.boot.web.servlet.context.AnnotationConfigServletWebServerApplicationContext@4cc451f2: startup date [Sun Aug 04 20:05:35 CST 2024]; root of context hierarchy
2024-08-04 20:05:36.787 [main] INFO  o.s.boot.web.embedded.tomcat.TomcatWebServer.initialize:91 - Tomcat initialized with port(s): 8080 (http)
2024-08-04 20:05:36.796 [main] INFO  org.apache.coyote.http11.Http11NioProtocol.log:180 - Initializing ProtocolHandler ["http-nio-8080"]
2024-08-04 20:05:36.804 [main] INFO  org.apache.catalina.core.StandardService.log:180 - Starting service [Tomcat]
2024-08-04 20:05:36.804 [main] INFO  org.apache.catalina.core.StandardEngine.log:180 - Starting Servlet Engine: Apache Tomcat/8.5.29
2024-08-04 20:05:36.808 [localhost-startStop-1] INFO  org.apache.catalina.core.AprLifecycleListener.log:180 - The APR based Apache Tomcat Native library which allows optimal performance in production environments was not found on the java.library.path: [E:\idea&support\jdk-8u\bin;C:\WINDOWS\Sun\Java\bin;C:\WINDOWS\system32;C:\WINDOWS;C:\Program Files\MySQL\MySQL Server 8.0\bin;E:\idea&support\jdk-8u\bin;C:\Program Files (x86)\Common Files\Oracle\Java\javapath;D:\app\QQPCMgr\python;C:\WINDOWS;C:\WINDOWS\System32\Wbem;C:\WINDOWS\System32\WindowsPowerShell\v1.0\;C:\WINDOWS\System32\OpenSSH\;C:\WINDOWS\system32;E:\BaiduNetdiskDownload\Microsoft VS Code\bin;E:\idea&support\mysql\mysql-8.0.22-winx64\bin;C:\Program Files\Git\cmd;E:\xshell\;E:\Xftp\;E:\;D:\QLDownload\Scripts\;D:\QLDownload\;D:\app\anaconda3;D:\app\anaconda3\Library\mingw-w64\bin;D:\app\anaconda3\Library\usr\bin;D:\app\anaconda3\Library\bin;D:\app\anaconda3\Scripts;D:\app\QQPCMgr\python\Scripts\;D:\app\QQPCMgr\python\;C:\Users\龙文暇\AppData\Local\Microsoft\WindowsApps;;d:\py\Pycharm2021.2.4\bin;;.]
2024-08-04 20:05:36.866 [localhost-startStop-1] INFO  o.a.c.core.ContainerBase.[Tomcat].[localhost].[/ihealth].log:180 - Initializing Spring embedded WebApplicationContext
2024-08-04 20:05:36.867 [localhost-startStop-1] INFO  org.springframework.web.context.ContextLoader.prepareWebApplicationContext:285 - Root WebApplicationContext: initialization completed in 1002 ms
2024-08-04 20:05:36.944 [localhost-startStop-1] INFO  o.s.boot.web.servlet.ServletRegistrationBean.addRegistration:185 - Servlet dispatcherServlet mapped to [/]
2024-08-04 20:05:36.947 [localhost-startStop-1] INFO  o.s.boot.web.servlet.FilterRegistrationBean.configure:244 - Mapping filter: 'characterEncodingFilter' to: [/*]
2024-08-04 20:05:36.948 [localhost-startStop-1] INFO  o.s.boot.web.servlet.FilterRegistrationBean.configure:244 - Mapping filter: 'hiddenHttpMethodFilter' to: [/*]
2024-08-04 20:05:36.948 [localhost-startStop-1] INFO  o.s.boot.web.servlet.FilterRegistrationBean.configure:244 - Mapping filter: 'httpPutFormContentFilter' to: [/*]
2024-08-04 20:05:36.948 [localhost-startStop-1] INFO  o.s.boot.web.servlet.FilterRegistrationBean.configure:244 - Mapping filter: 'requestContextFilter' to: [/*]
2024-08-04 20:05:37.040 [main] INFO  c.a.d.s.boot.autoconfigure.DruidDataSourceAutoConfigure.dataSource:56 - Init DruidDataSource
2024-08-04 20:05:37.127 [main] INFO  com.alibaba.druid.pool.DruidDataSource.init:1003 - {dataSource-1} inited
2024-08-04 20:05:37.322 [main] INFO  o.s.web.servlet.handler.SimpleUrlHandlerMapping.registerHandler:373 - Mapped URL path [/**/favicon.ico] onto handler of type [class org.springframework.web.servlet.resource.ResourceHttpRequestHandler]
2024-08-04 20:05:37.554 [main] INFO  o.s.w.s.m.method.annotation.RequestMappingHandlerAdapter.initControllerAdviceCache:574 - Looking for @ControllerAdvice: org.springframework.boot.web.servlet.context.AnnotationConfigServletWebServerApplicationContext@4cc451f2: startup date [Sun Aug 04 20:05:35 CST 2024]; root of context hierarchy
2024-08-04 20:05:37.585 [main] INFO  o.s.w.s.m.method.annotation.RequestMappingHandlerMapping.register:547 - Mapped "{[/collection/save],methods=[POST]}" onto public com.project.ihealth.po.RestResponse<java.lang.Long> com.project.ihealth.controller.CollectionController.saveCollection(com.project.ihealth.dao.po.CollectionEntry)
2024-08-04 20:05:37.586 [main] INFO  o.s.w.s.m.method.annotation.RequestMappingHandlerMapping.register:547 - Mapped "{[/collection/saveResult],methods=[POST]}" onto public java.lang.Object com.project.ihealth.controller.CollectionController.saveDoctorRecommendation(com.project.ihealth.dao.po.CollectionEntry)
2024-08-04 20:05:37.587 [main] INFO  o.s.w.s.m.method.annotation.RequestMappingHandlerMapping.register:547 - Mapped "{[/user/register],methods=[POST]}" onto public com.project.ihealth.po.RestResponse com.project.ihealth.controller.UserController.register(com.project.ihealth.dao.po.UserInfo)
2024-08-04 20:05:37.588 [main] INFO  o.s.w.s.m.method.annotation.RequestMappingHandlerMapping.register:547 - Mapped "{[/user/login],methods=[POST]}" onto public com.project.ihealth.po.RestResponse com.project.ihealth.controller.UserController.login(com.project.ihealth.dao.po.UserInfo)
2024-08-04 20:05:37.590 [main] INFO  o.s.w.s.m.method.annotation.RequestMappingHandlerMapping.register:547 - Mapped "{[/error]}" onto public org.springframework.http.ResponseEntity<java.util.Map<java.lang.String, java.lang.Object>> org.springframework.boot.autoconfigure.web.servlet.error.BasicErrorController.error(javax.servlet.http.HttpServletRequest)
2024-08-04 20:05:37.590 [main] INFO  o.s.w.s.m.method.annotation.RequestMappingHandlerMapping.register:547 - Mapped "{[/error],produces=[text/html]}" onto public org.springframework.web.servlet.ModelAndView org.springframework.boot.autoconfigure.web.servlet.error.BasicErrorController.errorHtml(javax.servlet.http.HttpServletRequest,javax.servlet.http.HttpServletResponse)
2024-08-04 20:05:37.602 [main] INFO  o.s.web.servlet.handler.SimpleUrlHandlerMapping.registerHandler:373 - Mapped URL path [/webjars/**] onto handler of type [class org.springframework.web.servlet.resource.ResourceHttpRequestHandler]
2024-08-04 20:05:37.602 [main] INFO  o.s.web.servlet.handler.SimpleUrlHandlerMapping.registerHandler:373 - Mapped URL path [/**] onto handler of type [class org.springframework.web.servlet.resource.ResourceHttpRequestHandler]
2024-08-04 20:05:37.622 [main] INFO  o.s.b.a.web.servlet.WelcomePageHandlerMapping.<init>:56 - Adding welcome page: class path resource [views/index.html]
2024-08-04 20:05:37.737 [main] INFO  o.s.jmx.export.annotation.AnnotationMBeanExporter.afterSingletonsInstantiated:433 - Registering beans for JMX exposure on startup
2024-08-04 20:05:37.738 [main] INFO  o.s.jmx.export.annotation.AnnotationMBeanExporter.autodetect:895 - Bean with name 'dataSource' has been autodetected for JMX exposure
2024-08-04 20:05:37.741 [main] INFO  o.s.jmx.export.annotation.AnnotationMBeanExporter.registerBeanInstance:668 - Located MBean 'dataSource': registering with JMX server as MBean [com.alibaba.druid.spring.boot.autoconfigure:name=dataSource,type=DruidDataSourceWrapper]
2024-08-04 20:05:37.751 [main] INFO  org.apache.coyote.http11.Http11NioProtocol.log:180 - Starting ProtocolHandler ["http-nio-8080"]
2024-08-04 20:05:37.759 [main] INFO  org.apache.tomcat.util.net.NioSelectorPool.log:180 - Using a shared selector for servlet write/read
2024-08-04 20:05:37.770 [main] INFO  o.a.c.core.ContainerBase.[Tomcat].[localhost].[/ihealth].log:180 - Initializing Spring FrameworkServlet 'dispatcherServlet'
2024-08-04 20:05:37.771 [main] INFO  org.springframework.web.servlet.DispatcherServlet.initServletBean:494 - FrameworkServlet 'dispatcherServlet': initialization started
2024-08-04 20:05:37.780 [main] INFO  org.springframework.web.servlet.DispatcherServlet.initServletBean:509 - FrameworkServlet 'dispatcherServlet': initialization completed in 9 ms
2024-08-04 20:05:37.783 [main] INFO  o.s.boot.web.embedded.tomcat.TomcatWebServer.start:206 - Tomcat started on port(s): 8080 (http) with context path '/ihealth'
2024-08-04 20:05:37.786 [main] INFO  com.project.ihealth.IHealthApplicaiton.logStarted:59 - Started IHealthApplicaiton in 2.279 seconds (JVM running for 3.182)
2024-08-04 20:09:43.677 [main] INFO  com.project.ihealth.IHealthApplicaiton.logStarting:50 - Starting IHealthApplicaiton on Lisa-acer with PID 11412 (E:\myProject\i-health\target\classes started by 龙文暇 in E:\myProject\i-health)
2024-08-04 20:09:43.679 [main] INFO  com.project.ihealth.IHealthApplicaiton.logStartupProfileInfo:659 - No active profile set, falling back to default profiles: default
2024-08-04 20:09:43.710 [main] INFO  o.s.b.w.s.c.AnnotationConfigServletWebServerApplicationContext.prepareRefresh:590 - Refreshing org.springframework.boot.web.servlet.context.AnnotationConfigServletWebServerApplicationContext@661972b0: startup date [Sun Aug 04 20:09:43 CST 2024]; root of context hierarchy
2024-08-04 20:09:44.342 [main] INFO  o.s.boot.web.embedded.tomcat.TomcatWebServer.initialize:91 - Tomcat initialized with port(s): 8080 (http)
2024-08-04 20:09:44.349 [main] INFO  org.apache.coyote.http11.Http11NioProtocol.log:180 - Initializing ProtocolHandler ["http-nio-8080"]
2024-08-04 20:09:44.355 [main] INFO  org.apache.catalina.core.StandardService.log:180 - Starting service [Tomcat]
2024-08-04 20:09:44.355 [main] INFO  org.apache.catalina.core.StandardEngine.log:180 - Starting Servlet Engine: Apache Tomcat/8.5.29
2024-08-04 20:09:44.359 [localhost-startStop-1] INFO  org.apache.catalina.core.AprLifecycleListener.log:180 - The APR based Apache Tomcat Native library which allows optimal performance in production environments was not found on the java.library.path: [E:\idea&support\jdk-8u\bin;C:\WINDOWS\Sun\Java\bin;C:\WINDOWS\system32;C:\WINDOWS;C:\Program Files\MySQL\MySQL Server 8.0\bin;E:\idea&support\jdk-8u\bin;C:\Program Files (x86)\Common Files\Oracle\Java\javapath;D:\app\QQPCMgr\python;C:\WINDOWS;C:\WINDOWS\System32\Wbem;C:\WINDOWS\System32\WindowsPowerShell\v1.0\;C:\WINDOWS\System32\OpenSSH\;C:\WINDOWS\system32;E:\BaiduNetdiskDownload\Microsoft VS Code\bin;E:\idea&support\mysql\mysql-8.0.22-winx64\bin;C:\Program Files\Git\cmd;E:\xshell\;E:\Xftp\;E:\;D:\QLDownload\Scripts\;D:\QLDownload\;D:\app\anaconda3;D:\app\anaconda3\Library\mingw-w64\bin;D:\app\anaconda3\Library\usr\bin;D:\app\anaconda3\Library\bin;D:\app\anaconda3\Scripts;D:\app\QQPCMgr\python\Scripts\;D:\app\QQPCMgr\python\;C:\Users\龙文暇\AppData\Local\Microsoft\WindowsApps;;d:\py\Pycharm2021.2.4\bin;;.]
2024-08-04 20:09:44.405 [localhost-startStop-1] INFO  o.a.c.core.ContainerBase.[Tomcat].[localhost].[/ihealth].log:180 - Initializing Spring embedded WebApplicationContext
2024-08-04 20:09:44.405 [localhost-startStop-1] INFO  org.springframework.web.context.ContextLoader.prepareWebApplicationContext:285 - Root WebApplicationContext: initialization completed in 695 ms
2024-08-04 20:09:44.467 [localhost-startStop-1] INFO  o.s.boot.web.servlet.ServletRegistrationBean.addRegistration:185 - Servlet dispatcherServlet mapped to [/]
2024-08-04 20:09:44.470 [localhost-startStop-1] INFO  o.s.boot.web.servlet.FilterRegistrationBean.configure:244 - Mapping filter: 'characterEncodingFilter' to: [/*]
2024-08-04 20:09:44.470 [localhost-startStop-1] INFO  o.s.boot.web.servlet.FilterRegistrationBean.configure:244 - Mapping filter: 'hiddenHttpMethodFilter' to: [/*]
2024-08-04 20:09:44.470 [localhost-startStop-1] INFO  o.s.boot.web.servlet.FilterRegistrationBean.configure:244 - Mapping filter: 'httpPutFormContentFilter' to: [/*]
2024-08-04 20:09:44.470 [localhost-startStop-1] INFO  o.s.boot.web.servlet.FilterRegistrationBean.configure:244 - Mapping filter: 'requestContextFilter' to: [/*]
2024-08-04 20:09:44.530 [main] INFO  c.a.d.s.boot.autoconfigure.DruidDataSourceAutoConfigure.dataSource:56 - Init DruidDataSource
2024-08-04 20:09:44.590 [main] INFO  com.alibaba.druid.pool.DruidDataSource.init:1003 - {dataSource-1} inited
2024-08-04 20:09:44.744 [main] INFO  o.s.web.servlet.handler.SimpleUrlHandlerMapping.registerHandler:373 - Mapped URL path [/**/favicon.ico] onto handler of type [class org.springframework.web.servlet.resource.ResourceHttpRequestHandler]
2024-08-04 20:09:44.894 [main] INFO  o.s.w.s.m.method.annotation.RequestMappingHandlerAdapter.initControllerAdviceCache:574 - Looking for @ControllerAdvice: org.springframework.boot.web.servlet.context.AnnotationConfigServletWebServerApplicationContext@661972b0: startup date [Sun Aug 04 20:09:43 CST 2024]; root of context hierarchy
2024-08-04 20:09:44.941 [main] INFO  o.s.w.s.m.method.annotation.RequestMappingHandlerMapping.register:547 - Mapped "{[/collection/saveResult],methods=[POST]}" onto public java.lang.Object com.project.ihealth.controller.CollectionController.saveDoctorRecommendation(com.project.ihealth.dao.po.CollectionEntry)
2024-08-04 20:09:44.942 [main] INFO  o.s.w.s.m.method.annotation.RequestMappingHandlerMapping.register:547 - Mapped "{[/collection/save],methods=[POST]}" onto public com.project.ihealth.po.RestResponse<java.lang.Long> com.project.ihealth.controller.CollectionController.saveCollection(com.project.ihealth.dao.po.CollectionEntry)
2024-08-04 20:09:44.943 [main] INFO  o.s.w.s.m.method.annotation.RequestMappingHandlerMapping.register:547 - Mapped "{[/user/register],methods=[POST]}" onto public com.project.ihealth.po.RestResponse com.project.ihealth.controller.UserController.register(com.project.ihealth.dao.po.UserInfo)
2024-08-04 20:09:44.943 [main] INFO  o.s.w.s.m.method.annotation.RequestMappingHandlerMapping.register:547 - Mapped "{[/user/login],methods=[POST]}" onto public com.project.ihealth.po.RestResponse com.project.ihealth.controller.UserController.login(com.project.ihealth.dao.po.UserInfo)
2024-08-04 20:09:44.945 [main] INFO  o.s.w.s.m.method.annotation.RequestMappingHandlerMapping.register:547 - Mapped "{[/error]}" onto public org.springframework.http.ResponseEntity<java.util.Map<java.lang.String, java.lang.Object>> org.springframework.boot.autoconfigure.web.servlet.error.BasicErrorController.error(javax.servlet.http.HttpServletRequest)
2024-08-04 20:09:44.945 [main] INFO  o.s.w.s.m.method.annotation.RequestMappingHandlerMapping.register:547 - Mapped "{[/error],produces=[text/html]}" onto public org.springframework.web.servlet.ModelAndView org.springframework.boot.autoconfigure.web.servlet.error.BasicErrorController.errorHtml(javax.servlet.http.HttpServletRequest,javax.servlet.http.HttpServletResponse)
2024-08-04 20:09:44.958 [main] INFO  o.s.web.servlet.handler.SimpleUrlHandlerMapping.registerHandler:373 - Mapped URL path [/webjars/**] onto handler of type [class org.springframework.web.servlet.resource.ResourceHttpRequestHandler]
2024-08-04 20:09:44.958 [main] INFO  o.s.web.servlet.handler.SimpleUrlHandlerMapping.registerHandler:373 - Mapped URL path [/**] onto handler of type [class org.springframework.web.servlet.resource.ResourceHttpRequestHandler]
2024-08-04 20:09:44.986 [main] INFO  o.s.b.a.web.servlet.WelcomePageHandlerMapping.<init>:56 - Adding welcome page: class path resource [views/index.html]
2024-08-04 20:09:45.117 [main] INFO  o.s.jmx.export.annotation.AnnotationMBeanExporter.afterSingletonsInstantiated:433 - Registering beans for JMX exposure on startup
2024-08-04 20:09:45.118 [main] INFO  o.s.jmx.export.annotation.AnnotationMBeanExporter.autodetect:895 - Bean with name 'dataSource' has been autodetected for JMX exposure
2024-08-04 20:09:45.121 [main] INFO  o.s.jmx.export.annotation.AnnotationMBeanExporter.registerBeanInstance:668 - Located MBean 'dataSource': registering with JMX server as MBean [com.alibaba.druid.spring.boot.autoconfigure:name=dataSource,type=DruidDataSourceWrapper]
2024-08-04 20:09:45.130 [main] INFO  org.apache.coyote.http11.Http11NioProtocol.log:180 - Starting ProtocolHandler ["http-nio-8080"]
2024-08-04 20:09:45.138 [main] INFO  org.apache.tomcat.util.net.NioSelectorPool.log:180 - Using a shared selector for servlet write/read
2024-08-04 20:09:45.148 [main] INFO  o.a.c.core.ContainerBase.[Tomcat].[localhost].[/ihealth].log:180 - Initializing Spring FrameworkServlet 'dispatcherServlet'
2024-08-04 20:09:45.148 [main] INFO  org.springframework.web.servlet.DispatcherServlet.initServletBean:494 - FrameworkServlet 'dispatcherServlet': initialization started
2024-08-04 20:09:45.160 [main] INFO  org.springframework.web.servlet.DispatcherServlet.initServletBean:509 - FrameworkServlet 'dispatcherServlet': initialization completed in 12 ms
2024-08-04 20:09:45.162 [main] INFO  o.s.boot.web.embedded.tomcat.TomcatWebServer.start:206 - Tomcat started on port(s): 8080 (http) with context path '/ihealth'
2024-08-04 20:09:45.166 [main] INFO  com.project.ihealth.IHealthApplicaiton.logStarted:59 - Started IHealthApplicaiton in 1.665 seconds (JVM running for 2.327)
